Found unique instructions 44
For rawOpCode 121a found op Op1NNNGoto
For rawOpCode 8003 found op Op8XY3BitwiseXOR
For rawOpCode 8113 found op Op8XY3BitwiseXOR
For rawOpCode a8c8 found op OpANNNSetI
For rawOpCode f155 found op OpFX55RegDump
For rawOpCode 6005 found op Op6XNNSet
For rawOpCode a8cc found op OpANNNSetI
For rawOpCode f055 found op OpFX55RegDump
For rawOpCode 8773 found op Op8XY3BitwiseXOR
For rawOpCode 8663 found op Op8XY3BitwiseXOR
For rawOpCode 2772 found op Op2NNNCallSubroutine
For rawOpCode 6e00 found op Op6XNNSet
For rawOpCode a919 found op OpANNNSetI
For rawOpCode fe1e found op OpFX1EAddVxToI
For rawOpCode f365 found op OpFX65RegLoad
For rawOpCode ab34 found op OpANNNSetI
For rawOpCode f355 found op OpFX55RegDump
For rawOpCode 7e01 found op Op7XNNAdd
For rawOpCode 3e80 found op Op3XNNSkip
For rawOpCode 1774 found op Op1NNNGoto
For rawOpCode ee found op Op00EEReturn
For rawOpCode e0 found op OpOOEOClearScreen
For rawOpCode 2794 found op Op2NNNCallSubroutine
For rawOpCode 8223 found op Op8XY3BitwiseXOR
For rawOpCode 8333 found op Op8XY3BitwiseXOR
For rawOpCode 6e0f found op Op6XNNSet
For rawOpCode 8020 found op Op8XY0CopyRegister
For rawOpCode 8130 found op Op8XY0CopyRegister
For rawOpCode 27be found op Op2NNNCallSubroutine
For rawOpCode 8006 found op Op8XY6LeastSigBitInF
For rawOpCode 8106 found op Op8XY6LeastSigBitInF
For rawOpCode 810e found op Op8XYEMostSigBitInF
For rawOpCode f11e found op OpFX1EAddVxToI
For rawOpCode f01e found op OpFX1EAddVxToI
For rawOpCode f065 found op OpFX65RegLoad
For rawOpCode 80e2 found op Op8XY2BitwiseAnd
For rawOpCode 800e found op Op8XYEMostSigBitInF
For rawOpCode a8f9 found op OpANNNSetI
For rawOpCode d232 found op OpDXYNDraw
For rawOpCode 7202 found op Op7XNNAdd
For rawOpCode 3240 found op Op3XNNSkip
For rawOpCode 179a found op Op1NNNGoto
For rawOpCode 7302 found op Op7XNNAdd
For rawOpCode 4320 found op Op4XNNSkip